Unity Editor version:    2021.1.19f1 (5f5eb8bbdc25)
Branch:                  2021.1/staging
Build type:              Release
Batch mode:              YES
macOS version:           Version 11.6 (Build 20G165)
Darwin version:          20.6.0
Architecture:            x86_64
Running under Rosetta:   YES
Available memory:        8192 MB
Using pre-set license
Pro License: NO
Pro License: NO

COMMAND LINE ARGUMENTS:
/Users/the-maker/Documents/UnityEditors/2021.1.19f1/Unity.app/Contents/MacOS/Unity
-adb2
-batchMode
-noUpm
-name
AssetImportWorker0
-projectPath
/Users/the-maker/Desktop/Unity/AutoScroller
-logFile
Logs/AssetImportWorker0.log
-srvPort
64101
Successfully changed project path to: /Users/the-maker/Desktop/Unity/AutoScroller
/Users/the-maker/Desktop/Unity/AutoScroller
Using Asset Import Pipeline V2.
Refreshing native plugins compatible for Editor in 139.00 ms, found 3 plugins.
Preloading 0 native plugins for Editor in 0.00 ms.
Initialize engine version: 2021.1.19f1 (5f5eb8bbdc25)
[Subsystems] Discovering subsystems at path /Users/the-maker/Documents/UnityEditors/2021.1.19f1/Unity.app/Contents/Resources/UnitySubsystems
[Subsystems] Discovering subsystems at path /Users/the-maker/Desktop/Unity/AutoScroller/Assets
GfxDevice: creating device client; threaded=0; jobified=0
2021-10-05 09:52:41.643 Unity[51222:1502330] (null) preferred device: Apple M1 (high power)
2021-10-05 09:52:41.643 Unity[51222:1502330] Metal devices available: 1
2021-10-05 09:52:41.643 Unity[51222:1502330] 0: Apple M1 (high power)
2021-10-05 09:52:41.644 Unity[51222:1502330] Using device Apple M1 (high power)
Initializing Metal device caps: Apple M1
Initialize mono
Mono path[0] = '/Users/the-maker/Documents/UnityEditors/2021.1.19f1/Unity.app/Contents/Managed'
Mono path[1] = '/Users/the-maker/Documents/UnityEditors/2021.1.19f1/Unity.app/Contents/MonoBleedingEdge/lib/mono/unityjit'
Mono config path = '/Users/the-maker/Documents/UnityEditors/2021.1.19f1/Unity.app/Contents/MonoBleedingEdge/etc'
Using monoOptions --debugger-agent=transport=dt_socket,embedding=1,server=y,suspend=n,address=127.0.0.1:56222
Begin MonoManager ReloadAssembly
Registering precompiled unity dll's ...
Register platform support module: /Users/the-maker/Documents/UnityEditors/2021.1.19f1/PlaybackEngines/WebGLSupport/UnityEditor.WebGL.Extensions.dll
Register platform support module: /Users/the-maker/Documents/UnityEditors/2021.1.19f1/Unity.app/Contents/PlaybackEngines/MacStandaloneSupport/UnityEditor.OSXStandalone.Extensions.dll
Registered in 0.002163 seconds.
Native extension for OSXStandalone target not found
Native extension for WebGL target not found
Refreshing native plugins compatible for Editor in 122.97 ms, found 3 plugins.
Preloading 0 native plugins for Editor in 0.00 ms.
Mono: successfully reloaded assembly
- Completed reload, in  3.565 seconds
Domain Reload Profiling:
	ReloadAssembly (3565ms)
		BeginReloadAssembly (125ms)
			ExecutionOrderSort (0ms)
			DisableScriptedObjects (0ms)
			BackupInstance (0ms)
			ReleaseScriptingObjects (0ms)
			CreateAndSetChildDomain (3ms)
		EndReloadAssembly (1075ms)
			LoadAssemblies (123ms)
			RebuildTransferFunctionScriptingTraits (1ms)
			SetupTypeCache (219ms)
			ReleaseScriptCaches (0ms)
			RebuildScriptCaches (45ms)
			SetupLoadedEditorAssemblies (672ms)
				LogAssemblyErrors (0ms)
				InitializePlatformSupportModulesInManaged (22ms)
				SetLoadedEditorAssemblies (1ms)
				RefreshPlugins (123ms)
				BeforeProcessingInitializeOnLoad (4ms)
				ProcessInitializeOnLoadAttributes (397ms)
				ProcessInitializeOnLoadMethodAttributes (124ms)
				AfterProcessingInitializeOnLoad (0ms)
				EditorAssembliesLoaded (1ms)
			ExecutionOrderSort2 (0ms)
			AwakeInstancesAfterBackupRestoration (0ms)
Platform modules already initialized, skipping
Registering precompiled user dll's ...
Registered in 0.003741 seconds.
Begin MonoManager ReloadAssembly
Symbol file LoadedFromMemory doesn't match image /Users/the-maker/Desktop/Unity/AutoScroller/Library/PackageCache/com.unity.visualscripting@1.6.1/Editor/VisualScripting.Core/Dependencies/YamlDotNet/Unity.VisualScripting.YamlDotNet.dll
Symbol file LoadedFromMemory doesn't match image /Users/the-maker/Desktop/Unity/AutoScroller/Library/PackageCache/com.unity.visualscripting@1.6.1/Editor/VisualScripting.Core/Dependencies/DotNetZip/Unity.VisualScripting.IonicZip.dll
Native extension for OSXStandalone target not found
Native extension for WebGL target not found
Refreshing native plugins compatible for Editor in 112.43 ms, found 3 plugins.
Preloading 0 native plugins for Editor in 0.00 ms.
Mono: successfully reloaded assembly
- Completed reload, in  2.991 seconds
Domain Reload Profiling:
	ReloadAssembly (2993ms)
		BeginReloadAssembly (342ms)
			ExecutionOrderSort (0ms)
			DisableScriptedObjects (42ms)
			BackupInstance (0ms)
			ReleaseScriptingObjects (0ms)
			CreateAndSetChildDomain (49ms)
		EndReloadAssembly (2537ms)
			LoadAssemblies (243ms)
			RebuildTransferFunctionScriptingTraits (0ms)
			SetupTypeCache (473ms)
			ReleaseScriptCaches (1ms)
			RebuildScriptCaches (68ms)
			SetupLoadedEditorAssemblies (1453ms)
				LogAssemblyErrors (0ms)
				InitializePlatformSupportModulesInManaged (15ms)
				SetLoadedEditorAssemblies (1ms)
				RefreshPlugins (112ms)
				BeforeProcessingInitializeOnLoad (134ms)
				ProcessInitializeOnLoadAttributes (1126ms)
				ProcessInitializeOnLoadMethodAttributes (64ms)
				AfterProcessingInitializeOnLoad (1ms)
				EditorAssembliesLoaded (0ms)
			ExecutionOrderSort2 (0ms)
			AwakeInstancesAfterBackupRestoration (38ms)
Platform modules already initialized, skipping
========================================================================
Worker process is ready to serve import requests
Launching external process: /Users/the-maker/Documents/UnityEditors/2021.1.19f1/Unity.app/Contents/Tools/UnityShaderCompiler
Launched and connected shader compiler UnityShaderCompiler after 0.07 seconds
Refreshing native plugins compatible for Editor in 0.69 ms, found 3 plugins.
Preloading 0 native plugins for Editor in 0.00 ms.
Unloading 3682 Unused Serialized files (Serialized files now loaded: 0)
System memory in use before: 257.2 MB.
System memory in use after: 257.4 MB.

Unloading 30 unused Assets to reduce memory usage. Loaded Objects now: 4133.
Total: 4.168083 ms (FindLiveObjects: 0.325459 ms CreateObjectMapping: 0.090625 ms MarkObjects: 3.599250 ms  DeleteObjects: 0.150625 ms)

AssetImportParameters requested are different than current active one (requested -> active):
  custom:video-decoder-ogg-theora: a1e56fd34408186e4bbccfd4996cb3dc -> 
  custom:container-muxer-webm: aa71ff27fc2769a1b78a27578f13a17b -> 
  custom:container-demuxer-webm: 4f35f7cbe854078d1ac9338744f61a02 -> 
  custom:container-demuxer-ogg: 62fdf1f143b41e24485cea50d1cbac27 -> 
  custom:video-encoder-webm-vp8: eb34c28f22e8b96e1ab97ce403110664 -> 
  custom:framework-osx-AVFoundation: e770b220cccbd017edd2c1fefb359320 -> 
  custom:video-decoder-webm-vp8: 9c59270c3fd7afecdb556c50c9e8de78 -> 
  custom:audio-decoder-ogg-vorbis: bf7c407c2cedff20999df2af8eb42d56 -> 
  custom:audio-encoder-webm-vorbis: bf7c407c2cedff20999df2af8eb42d56 -> 
========================================================================
Received Import Request.
  path: Assets/scripts/MouseOver.cs
  artifactKey: Guid(08d2c3cbd6dca4b05bdedee844437455) Importer(815301076,1909f56bfc062723c751e8b465ee728b)
Start importing Assets/scripts/MouseOver.cs using Guid(08d2c3cbd6dca4b05bdedee844437455) Importer(815301076,1909f56bfc062723c751e8b465ee728b)  -> (artifact id: '0b052bb0f9d2dfafb9538e44e8c5c66b') in 1.681822 seconds 
========================================================================
Received Prepare
Registering precompiled user dll's ...
Registered in 0.002002 seconds.
Begin MonoManager ReloadAssembly
Symbol file LoadedFromMemory doesn't match image /Users/the-maker/Desktop/Unity/AutoScroller/Library/PackageCache/com.unity.visualscripting@1.6.1/Editor/VisualScripting.Core/Dependencies/YamlDotNet/Unity.VisualScripting.YamlDotNet.dll
Symbol file LoadedFromMemory doesn't match image /Users/the-maker/Desktop/Unity/AutoScroller/Library/PackageCache/com.unity.visualscripting@1.6.1/Editor/VisualScripting.Core/Dependencies/DotNetZip/Unity.VisualScripting.IonicZip.dll
Native extension for OSXStandalone target not found
Native extension for WebGL target not found
Refreshing native plugins compatible for Editor in 0.72 ms, found 3 plugins.
Preloading 0 native plugins for Editor in 0.00 ms.
Mono: successfully reloaded assembly
- Completed reload, in  2.868 seconds
Domain Reload Profiling:
	ReloadAssembly (2869ms)
		BeginReloadAssembly (325ms)
			ExecutionOrderSort (0ms)
			DisableScriptedObjects (50ms)
			BackupInstance (0ms)
			ReleaseScriptingObjects (0ms)
			CreateAndSetChildDomain (124ms)
		EndReloadAssembly (2427ms)
			LoadAssemblies (254ms)
			RebuildTransferFunctionScriptingTraits (0ms)
			SetupTypeCache (504ms)
			ReleaseScriptCaches (1ms)
			RebuildScriptCaches (65ms)
			SetupLoadedEditorAssemblies (1309ms)
				LogAssemblyErrors (0ms)
				InitializePlatformSupportModulesInManaged (18ms)
				SetLoadedEditorAssemblies (6ms)
				RefreshPlugins (1ms)
				BeforeProcessingInitializeOnLoad (105ms)
				ProcessInitializeOnLoadAttributes (1143ms)
				ProcessInitializeOnLoadMethodAttributes (33ms)
				AfterProcessingInitializeOnLoad (1ms)
				EditorAssembliesLoaded (0ms)
			ExecutionOrderSort2 (0ms)
			AwakeInstancesAfterBackupRestoration (51ms)
Platform modules already initialized, skipping
Refreshing native plugins compatible for Editor in 0.68 ms, found 3 plugins.
Preloading 0 native plugins for Editor in 0.00 ms.
Unloading 3672 Unused Serialized files (Serialized files now loaded: 0)
System memory in use before: 261.2 MB.
System memory in use after: 261.4 MB.

Unloading 18 unused Assets to reduce memory usage. Loaded Objects now: 4136.
Total: 7.485292 ms (FindLiveObjects: 0.219666 ms CreateObjectMapping: 0.093042 ms MarkObjects: 7.143292 ms  DeleteObjects: 0.028042 ms)

AssetImportParameters requested are different than current active one (requested -> active):
  custom:video-decoder-ogg-theora: a1e56fd34408186e4bbccfd4996cb3dc -> 
  custom:container-muxer-webm: aa71ff27fc2769a1b78a27578f13a17b -> 
  custom:container-demuxer-webm: 4f35f7cbe854078d1ac9338744f61a02 -> 
  custom:container-demuxer-ogg: 62fdf1f143b41e24485cea50d1cbac27 -> 
  custom:video-encoder-webm-vp8: eb34c28f22e8b96e1ab97ce403110664 -> 
  custom:framework-osx-AVFoundation: e770b220cccbd017edd2c1fefb359320 -> 
  custom:video-decoder-webm-vp8: 9c59270c3fd7afecdb556c50c9e8de78 -> 
  custom:audio-decoder-ogg-vorbis: bf7c407c2cedff20999df2af8eb42d56 -> 
  custom:audio-encoder-webm-vorbis: bf7c407c2cedff20999df2af8eb42d56 -> 
========================================================================
Received Import Request.
  Time since last request: 249.918386 seconds.
  path: Assets/scripts/MouseOver.cs
  artifactKey: Guid(08d2c3cbd6dca4b05bdedee844437455) Importer(815301076,1909f56bfc062723c751e8b465ee728b)
Start importing Assets/scripts/MouseOver.cs using Guid(08d2c3cbd6dca4b05bdedee844437455) Importer(815301076,1909f56bfc062723c751e8b465ee728b)  -> (artifact id: 'f69ccfa634a144f842626bd65735582f') in 0.012998 seconds 
========================================================================
Received Prepare
Registering precompiled user dll's ...
Registered in 0.001994 seconds.
Begin MonoManager ReloadAssembly
Symbol file LoadedFromMemory doesn't match image /Users/the-maker/Desktop/Unity/AutoScroller/Library/PackageCache/com.unity.visualscripting@1.6.1/Editor/VisualScripting.Core/Dependencies/YamlDotNet/Unity.VisualScripting.YamlDotNet.dll
Symbol file LoadedFromMemory doesn't match image /Users/the-maker/Desktop/Unity/AutoScroller/Library/PackageCache/com.unity.visualscripting@1.6.1/Editor/VisualScripting.Core/Dependencies/DotNetZip/Unity.VisualScripting.IonicZip.dll
Native extension for OSXStandalone target not found
Native extension for WebGL target not found
Refreshing native plugins compatible for Editor in 0.74 ms, found 3 plugins.
Preloading 0 native plugins for Editor in 0.00 ms.
Mono: successfully reloaded assembly
- Completed reload, in  2.827 seconds
Domain Reload Profiling:
	ReloadAssembly (2828ms)
		BeginReloadAssembly (339ms)
			ExecutionOrderSort (0ms)
			DisableScriptedObjects (51ms)
			BackupInstance (0ms)
			ReleaseScriptingObjects (0ms)
			CreateAndSetChildDomain (142ms)
		EndReloadAssembly (2375ms)
			LoadAssemblies (243ms)
			RebuildTransferFunctionScriptingTraits (0ms)
			SetupTypeCache (474ms)
			ReleaseScriptCaches (1ms)
			RebuildScriptCaches (59ms)
			SetupLoadedEditorAssemblies (1316ms)
				LogAssemblyErrors (0ms)
				InitializePlatformSupportModulesInManaged (22ms)
				SetLoadedEditorAssemblies (2ms)
				RefreshPlugins (1ms)
				BeforeProcessingInitializeOnLoad (106ms)
				ProcessInitializeOnLoadAttributes (1146ms)
				ProcessInitializeOnLoadMethodAttributes (38ms)
				AfterProcessingInitializeOnLoad (1ms)
				EditorAssembliesLoaded (0ms)
			ExecutionOrderSort2 (0ms)
			AwakeInstancesAfterBackupRestoration (50ms)
Platform modules already initialized, skipping
Refreshing native plugins compatible for Editor in 0.81 ms, found 3 plugins.
Preloading 0 native plugins for Editor in 0.00 ms.
Unloading 3672 Unused Serialized files (Serialized files now loaded: 0)
System memory in use before: 261.4 MB.
System memory in use after: 261.7 MB.

Unloading 18 unused Assets to reduce memory usage. Loaded Objects now: 4139.
Total: 2.722000 ms (FindLiveObjects: 0.213667 ms CreateObjectMapping: 0.088375 ms MarkObjects: 2.397084 ms  DeleteObjects: 0.021916 ms)

AssetImportParameters requested are different than current active one (requested -> active):
  custom:video-decoder-ogg-theora: a1e56fd34408186e4bbccfd4996cb3dc -> 
  custom:container-muxer-webm: aa71ff27fc2769a1b78a27578f13a17b -> 
  custom:container-demuxer-webm: 4f35f7cbe854078d1ac9338744f61a02 -> 
  custom:container-demuxer-ogg: 62fdf1f143b41e24485cea50d1cbac27 -> 
  custom:video-encoder-webm-vp8: eb34c28f22e8b96e1ab97ce403110664 -> 
  custom:framework-osx-AVFoundation: e770b220cccbd017edd2c1fefb359320 -> 
  custom:video-decoder-webm-vp8: 9c59270c3fd7afecdb556c50c9e8de78 -> 
  custom:audio-decoder-ogg-vorbis: bf7c407c2cedff20999df2af8eb42d56 -> 
  custom:audio-encoder-webm-vorbis: bf7c407c2cedff20999df2af8eb42d56 -> 
========================================================================
Received Prepare
Registering precompiled user dll's ...
Registered in 0.001896 seconds.
Begin MonoManager ReloadAssembly
Symbol file LoadedFromMemory doesn't match image /Users/the-maker/Desktop/Unity/AutoScroller/Library/PackageCache/com.unity.visualscripting@1.6.1/Editor/VisualScripting.Core/Dependencies/YamlDotNet/Unity.VisualScripting.YamlDotNet.dll
Symbol file LoadedFromMemory doesn't match image /Users/the-maker/Desktop/Unity/AutoScroller/Library/PackageCache/com.unity.visualscripting@1.6.1/Editor/VisualScripting.Core/Dependencies/DotNetZip/Unity.VisualScripting.IonicZip.dll
Native extension for OSXStandalone target not found
Native extension for WebGL target not found
Refreshing native plugins compatible for Editor in 0.72 ms, found 3 plugins.
Preloading 0 native plugins for Editor in 0.00 ms.
Mono: successfully reloaded assembly
- Completed reload, in  3.037 seconds
Domain Reload Profiling:
	ReloadAssembly (3063ms)
		BeginReloadAssembly (379ms)
			ExecutionOrderSort (0ms)
			DisableScriptedObjects (47ms)
			BackupInstance (0ms)
			ReleaseScriptingObjects (0ms)
			CreateAndSetChildDomain (155ms)
		EndReloadAssembly (2573ms)
			LoadAssemblies (241ms)
			RebuildTransferFunctionScriptingTraits (0ms)
			SetupTypeCache (503ms)
			ReleaseScriptCaches (1ms)
			RebuildScriptCaches (61ms)
			SetupLoadedEditorAssemblies (1437ms)
				LogAssemblyErrors (0ms)
				InitializePlatformSupportModulesInManaged (20ms)
				SetLoadedEditorAssemblies (2ms)
				RefreshPlugins (1ms)
				BeforeProcessingInitializeOnLoad (108ms)
				ProcessInitializeOnLoadAttributes (1274ms)
				ProcessInitializeOnLoadMethodAttributes (31ms)
				AfterProcessingInitializeOnLoad (1ms)
				EditorAssembliesLoaded (0ms)
			ExecutionOrderSort2 (0ms)
			AwakeInstancesAfterBackupRestoration (55ms)
Platform modules already initialized, skipping
Refreshing native plugins compatible for Editor in 0.55 ms, found 3 plugins.
Preloading 0 native plugins for Editor in 0.00 ms.
Unloading 3672 Unused Serialized files (Serialized files now loaded: 0)
System memory in use before: 261.7 MB.
System memory in use after: 262.0 MB.

Unloading 18 unused Assets to reduce memory usage. Loaded Objects now: 4142.
Total: 2.958125 ms (FindLiveObjects: 0.186917 ms CreateObjectMapping: 0.115917 ms MarkObjects: 2.624208 ms  DeleteObjects: 0.030000 ms)

AssetImportParameters requested are different than current active one (requested -> active):
  custom:video-decoder-ogg-theora: a1e56fd34408186e4bbccfd4996cb3dc -> 
  custom:container-muxer-webm: aa71ff27fc2769a1b78a27578f13a17b -> 
  custom:container-demuxer-webm: 4f35f7cbe854078d1ac9338744f61a02 -> 
  custom:container-demuxer-ogg: 62fdf1f143b41e24485cea50d1cbac27 -> 
  custom:video-encoder-webm-vp8: eb34c28f22e8b96e1ab97ce403110664 -> 
  custom:framework-osx-AVFoundation: e770b220cccbd017edd2c1fefb359320 -> 
  custom:video-decoder-webm-vp8: 9c59270c3fd7afecdb556c50c9e8de78 -> 
  custom:audio-decoder-ogg-vorbis: bf7c407c2cedff20999df2af8eb42d56 -> 
  custom:audio-encoder-webm-vorbis: bf7c407c2cedff20999df2af8eb42d56 -> 
========================================================================
Received Prepare
Registering precompiled user dll's ...
Registered in 0.004549 seconds.
Begin MonoManager ReloadAssembly
Symbol file LoadedFromMemory doesn't match image /Users/the-maker/Desktop/Unity/AutoScroller/Library/PackageCache/com.unity.visualscripting@1.6.1/Editor/VisualScripting.Core/Dependencies/YamlDotNet/Unity.VisualScripting.YamlDotNet.dll
Symbol file LoadedFromMemory doesn't match image /Users/the-maker/Desktop/Unity/AutoScroller/Library/PackageCache/com.unity.visualscripting@1.6.1/Editor/VisualScripting.Core/Dependencies/DotNetZip/Unity.VisualScripting.IonicZip.dll
Native extension for OSXStandalone target not found
Native extension for WebGL target not found
Refreshing native plugins compatible for Editor in 0.85 ms, found 3 plugins.
Preloading 0 native plugins for Editor in 0.00 ms.
Mono: successfully reloaded assembly
- Completed reload, in  2.688 seconds
Domain Reload Profiling:
	ReloadAssembly (2689ms)
		BeginReloadAssembly (353ms)
			ExecutionOrderSort (0ms)
			DisableScriptedObjects (47ms)
			BackupInstance (0ms)
			ReleaseScriptingObjects (0ms)
			CreateAndSetChildDomain (143ms)
		EndReloadAssembly (2231ms)
			LoadAssemblies (263ms)
			RebuildTransferFunctionScriptingTraits (0ms)
			SetupTypeCache (484ms)
			ReleaseScriptCaches (1ms)
			RebuildScriptCaches (58ms)
			SetupLoadedEditorAssemblies (1166ms)
				LogAssemblyErrors (0ms)
				InitializePlatformSupportModulesInManaged (17ms)
				SetLoadedEditorAssemblies (2ms)
				RefreshPlugins (1ms)
				BeforeProcessingInitializeOnLoad (107ms)
				ProcessInitializeOnLoadAttributes (1008ms)
				ProcessInitializeOnLoadMethodAttributes (30ms)
				AfterProcessingInitializeOnLoad (1ms)
				EditorAssembliesLoaded (0ms)
			ExecutionOrderSort2 (0ms)
			AwakeInstancesAfterBackupRestoration (45ms)
Platform modules already initialized, skipping
Refreshing native plugins compatible for Editor in 0.47 ms, found 3 plugins.
Preloading 0 native plugins for Editor in 0.00 ms.
Unloading 3672 Unused Serialized files (Serialized files now loaded: 0)
System memory in use before: 261.9 MB.
System memory in use after: 262.2 MB.

Unloading 18 unused Assets to reduce memory usage. Loaded Objects now: 4145.
Total: 2.941083 ms (FindLiveObjects: 0.176958 ms CreateObjectMapping: 0.084333 ms MarkObjects: 2.654250 ms  DeleteObjects: 0.024416 ms)

AssetImportParameters requested are different than current active one (requested -> active):
  custom:video-decoder-ogg-theora: a1e56fd34408186e4bbccfd4996cb3dc -> 
  custom:container-muxer-webm: aa71ff27fc2769a1b78a27578f13a17b -> 
  custom:container-demuxer-webm: 4f35f7cbe854078d1ac9338744f61a02 -> 
  custom:container-demuxer-ogg: 62fdf1f143b41e24485cea50d1cbac27 -> 
  custom:video-encoder-webm-vp8: eb34c28f22e8b96e1ab97ce403110664 -> 
  custom:framework-osx-AVFoundation: e770b220cccbd017edd2c1fefb359320 -> 
  custom:video-decoder-webm-vp8: 9c59270c3fd7afecdb556c50c9e8de78 -> 
  custom:audio-decoder-ogg-vorbis: bf7c407c2cedff20999df2af8eb42d56 -> 
  custom:audio-encoder-webm-vorbis: bf7c407c2cedff20999df2af8eb42d56 -> 
========================================================================
Received Import Request.
  Time since last request: 296.828421 seconds.
  path: Assets/Materials/1 1.mat
  artifactKey: Guid(aab1f9c0f26d4433395cfbe34a72e66e) Importer(815301076,1909f56bfc062723c751e8b465ee728b)
Start importing Assets/Materials/1 1.mat using Guid(aab1f9c0f26d4433395cfbe34a72e66e) Importer(815301076,1909f56bfc062723c751e8b465ee728b)  -> (artifact id: '911e98e1a5d76536f2c1baf801e27e27') in 0.885487 seconds 
========================================================================
Received Import Request.
  Time since last request: 0.246916 seconds.
  path: Assets/Materials/1 2.mat
  artifactKey: Guid(c8f68c65d4ce84edfb9e33b1f5e08d42) Importer(815301076,1909f56bfc062723c751e8b465ee728b)
Start importing Assets/Materials/1 2.mat using Guid(c8f68c65d4ce84edfb9e33b1f5e08d42) Importer(815301076,1909f56bfc062723c751e8b465ee728b)  -> (artifact id: '0c0e216cee4afb5b588d9c5068865326') in 0.022640 seconds 
========================================================================
Received Import Request.
  Time since last request: 0.000151 seconds.
  path: Assets/Materials/1 4.mat
  artifactKey: Guid(6a3b87d4436dd44efb7d0f586d418d2f) Importer(815301076,1909f56bfc062723c751e8b465ee728b)
Start importing Assets/Materials/1 4.mat using Guid(6a3b87d4436dd44efb7d0f586d418d2f) Importer(815301076,1909f56bfc062723c751e8b465ee728b)  -> (artifact id: '1138d725b3e92c64551d2d8865e7e9a3') in 0.008351 seconds 
========================================================================
Received Import Request.
  Time since last request: 0.000177 seconds.
  path: Assets/Materials/1.mat
  artifactKey: Guid(e692b191b76f14f30a0b6fb240229d64) Importer(815301076,1909f56bfc062723c751e8b465ee728b)
Start importing Assets/Materials/1.mat using Guid(e692b191b76f14f30a0b6fb240229d64) Importer(815301076,1909f56bfc062723c751e8b465ee728b)  -> (artifact id: '7d9fb2a21ad18484b93ccf061024cbff') in 0.006705 seconds 
========================================================================
Received Import Request.
  Time since last request: 0.000856 seconds.
  path: Assets/Materials/1 3.mat
  artifactKey: Guid(aa17479112cfa40e1a776bb74e974a1e) Importer(815301076,1909f56bfc062723c751e8b465ee728b)
Start importing Assets/Materials/1 3.mat using Guid(aa17479112cfa40e1a776bb74e974a1e) Importer(815301076,1909f56bfc062723c751e8b465ee728b)  -> (artifact id: '6536c313005705f41c820a505d37ad9c') in 0.009804 seconds 
========================================================================
Received Import Request.
  Time since last request: 1.135084 seconds.
  path: Assets/Materials/1 5.mat
  artifactKey: Guid(bfb11bb368acd46e09f0deab9592ab39) Importer(815301076,1909f56bfc062723c751e8b465ee728b)
Start importing Assets/Materials/1 5.mat using Guid(bfb11bb368acd46e09f0deab9592ab39) Importer(815301076,1909f56bfc062723c751e8b465ee728b)  -> (artifact id: 'f0da563f5f75d25c58f066fcd4b56bd0') in 0.008795 seconds 
========================================================================
Received Import Request.
  Time since last request: 0.142791 seconds.
  path: Assets/Materials/1 6.mat
  artifactKey: Guid(45b29f4dc84a248aa9a438c6d292ed7f) Importer(815301076,1909f56bfc062723c751e8b465ee728b)
Start importing Assets/Materials/1 6.mat using Guid(45b29f4dc84a248aa9a438c6d292ed7f) Importer(815301076,1909f56bfc062723c751e8b465ee728b)  -> (artifact id: '3c36fe4fc734933822af71552141ad64') in 0.006508 seconds 
========================================================================
Received Import Request.
  Time since last request: 0.221278 seconds.
  path: Assets/Materials/1 7.mat
  artifactKey: Guid(b4f9f70eac3a54d44aacff4a96e9585d) Importer(815301076,1909f56bfc062723c751e8b465ee728b)
Start importing Assets/Materials/1 7.mat using Guid(b4f9f70eac3a54d44aacff4a96e9585d) Importer(815301076,1909f56bfc062723c751e8b465ee728b)  -> (artifact id: '2bf84235a2642948d677ed423a77ef62') in 0.005831 seconds 
========================================================================
Received Import Request.
  Time since last request: 0.122788 seconds.
  path: Assets/Materials/1 8.mat
  artifactKey: Guid(3478fb9db296f4f20822385a769a713b) Importer(815301076,1909f56bfc062723c751e8b465ee728b)
Start importing Assets/Materials/1 8.mat using Guid(3478fb9db296f4f20822385a769a713b) Importer(815301076,1909f56bfc062723c751e8b465ee728b)  -> (artifact id: 'bf6a9e3bfd04a99e39251d74e61b0cc3') in 0.006617 seconds 
========================================================================
Received Import Request.
  Time since last request: 0.277782 seconds.
  path: Assets/Materials/1 9.mat
  artifactKey: Guid(621ee14f96793451e87bf8665eaffa2b) Importer(815301076,1909f56bfc062723c751e8b465ee728b)
Start importing Assets/Materials/1 9.mat using Guid(621ee14f96793451e87bf8665eaffa2b) Importer(815301076,1909f56bfc062723c751e8b465ee728b)  -> (artifact id: '29a5fa370e766757accb1db7414b968d') in 0.006977 seconds 
========================================================================
Received Import Request.
  Time since last request: 0.000209 seconds.
  path: Assets/Materials/1 10.mat
  artifactKey: Guid(5d9432e37e7824ed5a393477bc53b13b) Importer(815301076,1909f56bfc062723c751e8b465ee728b)
Start importing Assets/Materials/1 10.mat using Guid(5d9432e37e7824ed5a393477bc53b13b) Importer(815301076,1909f56bfc062723c751e8b465ee728b)  -> (artifact id: 'cf18d854b79f93b2c30579a1f2887967') in 0.007177 seconds 
========================================================================
Received Import Request.
  Time since last request: 0.253308 seconds.
  path: Assets/Materials/1 11.mat
  artifactKey: Guid(55f79671be18e4762b1ec4e6c5074790) Importer(815301076,1909f56bfc062723c751e8b465ee728b)
Start importing Assets/Materials/1 11.mat using Guid(55f79671be18e4762b1ec4e6c5074790) Importer(815301076,1909f56bfc062723c751e8b465ee728b)  -> (artifact id: '1944a1452952f0abc91c96fefb16bfa1') in 0.006822 seconds 
========================================================================
Received Import Request.
  Time since last request: 0.368974 seconds.
  path: Assets/Materials/1 12.mat
  artifactKey: Guid(0c23f7aec356146639fa541e7a5057a2) Importer(815301076,1909f56bfc062723c751e8b465ee728b)
Start importing Assets/Materials/1 12.mat using Guid(0c23f7aec356146639fa541e7a5057a2) Importer(815301076,1909f56bfc062723c751e8b465ee728b)  -> (artifact id: '996e14293051c66883c136e68dc9c4af') in 0.006920 seconds 
========================================================================
Received Import Request.
  Time since last request: 0.328879 seconds.
  path: Assets/Materials/1 13.mat
  artifactKey: Guid(4f75f66831fdc481e93d8c2caf39a66a) Importer(815301076,1909f56bfc062723c751e8b465ee728b)
Start importing Assets/Materials/1 13.mat using Guid(4f75f66831fdc481e93d8c2caf39a66a) Importer(815301076,1909f56bfc062723c751e8b465ee728b)  -> (artifact id: 'a54c459e5ef65806d691fb08a9151254') in 0.007243 seconds 
========================================================================
Received Import Request.
  Time since last request: 0.353418 seconds.
  path: Assets/Materials/1 14.mat
  artifactKey: Guid(58b1d887cf60142e59a9b3993efc7940) Importer(815301076,1909f56bfc062723c751e8b465ee728b)
Start importing Assets/Materials/1 14.mat using Guid(58b1d887cf60142e59a9b3993efc7940) Importer(815301076,1909f56bfc062723c751e8b465ee728b)  -> (artifact id: 'da295efd1643f14ba7eb19cd08583a60') in 0.007283 seconds 
========================================================================
Received Import Request.
  Time since last request: 0.143055 seconds.
  path: Assets/Materials/1 15.mat
  artifactKey: Guid(20151057df88344bfaed03f5865bf9ed) Importer(815301076,1909f56bfc062723c751e8b465ee728b)
Start importing Assets/Materials/1 15.mat using Guid(20151057df88344bfaed03f5865bf9ed) Importer(815301076,1909f56bfc062723c751e8b465ee728b)  -> (artifact id: 'f4d2b5664a45ccea4131d6123c31218d') in 0.007025 seconds 
========================================================================
Received Import Request.
  Time since last request: 0.249404 seconds.
  path: Assets/Materials/1 16.mat
  artifactKey: Guid(b5d6cfa7aa48b4b99b90128edd54f389) Importer(815301076,1909f56bfc062723c751e8b465ee728b)
Start importing Assets/Materials/1 16.mat using Guid(b5d6cfa7aa48b4b99b90128edd54f389) Importer(815301076,1909f56bfc062723c751e8b465ee728b)  -> (artifact id: '4655d3d9b54fcfc6399bb84ff7d05d21') in 0.006342 seconds 
========================================================================
Received Import Request.
  Time since last request: 0.265744 seconds.
  path: Assets/Materials/1 17.mat
  artifactKey: Guid(fe442b729b34b41d0863a15d0a1fe968) Importer(815301076,1909f56bfc062723c751e8b465ee728b)
Start importing Assets/Materials/1 17.mat using Guid(fe442b729b34b41d0863a15d0a1fe968) Importer(815301076,1909f56bfc062723c751e8b465ee728b)  -> (artifact id: 'a6861c2f4d0fe9d8a3996da655196a31') in 0.007078 seconds 
========================================================================
Received Import Request.
  Time since last request: 0.389192 seconds.
  path: Assets/Materials/1 18.mat
  artifactKey: Guid(31a159bc665c144a099693c26c3efce3) Importer(815301076,1909f56bfc062723c751e8b465ee728b)
Start importing Assets/Materials/1 18.mat using Guid(31a159bc665c144a099693c26c3efce3) Importer(815301076,1909f56bfc062723c751e8b465ee728b)  -> (artifact id: '5553db8be95137da88de3aeb3f1a9b80') in 0.006904 seconds 
========================================================================
Received Import Request.
  Time since last request: 0.305553 seconds.
  path: Assets/Materials/1 19.mat
  artifactKey: Guid(ce31ee2b8fbf044c28852eb310172313) Importer(815301076,1909f56bfc062723c751e8b465ee728b)
Start importing Assets/Materials/1 19.mat using Guid(ce31ee2b8fbf044c28852eb310172313) Importer(815301076,1909f56bfc062723c751e8b465ee728b)  -> (artifact id: '05c6e1d8a5cc721c73623e26f5f14d52') in 0.007217 seconds 
========================================================================
Received Import Request.
  Time since last request: 0.128101 seconds.
  path: Assets/Materials/1 20.mat
  artifactKey: Guid(587448ac870e6432db7319f9b7623cff) Importer(815301076,1909f56bfc062723c751e8b465ee728b)
Start importing Assets/Materials/1 20.mat using Guid(587448ac870e6432db7319f9b7623cff) Importer(815301076,1909f56bfc062723c751e8b465ee728b)  -> (artifact id: '0c7c3edf958e225363aa7eee05044d68') in 0.006806 seconds 
========================================================================
Received Import Request.
  Time since last request: 0.214122 seconds.
  path: Assets/Materials/1 21.mat
  artifactKey: Guid(c34408ddb53844616b32c48b009805c8) Importer(815301076,1909f56bfc062723c751e8b465ee728b)
Start importing Assets/Materials/1 21.mat using Guid(c34408ddb53844616b32c48b009805c8) Importer(815301076,1909f56bfc062723c751e8b465ee728b)  -> (artifact id: 'b6f549c87fd58ef1139094712dabe397') in 0.006504 seconds 
========================================================================
Received Import Request.
  Time since last request: 0.372308 seconds.
  path: Assets/Materials/1 22.mat
  artifactKey: Guid(8917c1b5a7c7a4184acb07776b022956) Importer(815301076,1909f56bfc062723c751e8b465ee728b)
Start importing Assets/Materials/1 22.mat using Guid(8917c1b5a7c7a4184acb07776b022956) Importer(815301076,1909f56bfc062723c751e8b465ee728b)  -> (artifact id: 'bdef998e2d31825f07bdab0ab9258196') in 0.007957 seconds 
========================================================================
Received Import Request.
  Time since last request: 0.346035 seconds.
  path: Assets/Materials/1 23.mat
  artifactKey: Guid(b90343b8f456443b9b14849e0b3629f5) Importer(815301076,1909f56bfc062723c751e8b465ee728b)
Start importing Assets/Materials/1 23.mat using Guid(b90343b8f456443b9b14849e0b3629f5) Importer(815301076,1909f56bfc062723c751e8b465ee728b)  -> (artifact id: 'cb0b83c9b16a2990203634103d1b1cf0') in 0.007613 seconds 
========================================================================
Received Import Request.
  Time since last request: 0.343452 seconds.
  path: Assets/Materials/1 24.mat
  artifactKey: Guid(0e7ccc975212e431283ee226b949ea41) Importer(815301076,1909f56bfc062723c751e8b465ee728b)
Start importing Assets/Materials/1 24.mat using Guid(0e7ccc975212e431283ee226b949ea41) Importer(815301076,1909f56bfc062723c751e8b465ee728b)  -> (artifact id: '5878e6d2c79617a168398e8fec721e56') in 0.008083 seconds 
========================================================================
Received Import Request.
  Time since last request: 0.125908 seconds.
  path: Assets/Materials/1 25.mat
  artifactKey: Guid(97f1f918014f24311978a32db44e34ef) Importer(815301076,1909f56bfc062723c751e8b465ee728b)
Start importing Assets/Materials/1 25.mat using Guid(97f1f918014f24311978a32db44e34ef) Importer(815301076,1909f56bfc062723c751e8b465ee728b)  -> (artifact id: 'ba76b544ce42e633571eebd2cff17c8c') in 0.016015 seconds 
========================================================================
Received Import Request.
  Time since last request: 0.187633 seconds.
  path: Assets/Materials/1 26.mat
  artifactKey: Guid(19754de1aac07414888329baf633db89) Importer(815301076,1909f56bfc062723c751e8b465ee728b)
Start importing Assets/Materials/1 26.mat using Guid(19754de1aac07414888329baf633db89) Importer(815301076,1909f56bfc062723c751e8b465ee728b)  -> (artifact id: '3ad2697ea54331bccd1c9053ac01e78b') in 0.006421 seconds 
========================================================================
Received Import Request.
  Time since last request: 0.370972 seconds.
  path: Assets/Materials/1 27.mat
  artifactKey: Guid(e32ba32f89ab44ea98ed21bc6bb587e8) Importer(815301076,1909f56bfc062723c751e8b465ee728b)
Start importing Assets/Materials/1 27.mat using Guid(e32ba32f89ab44ea98ed21bc6bb587e8) Importer(815301076,1909f56bfc062723c751e8b465ee728b)  -> (artifact id: 'a19814b69bd740bbfbe3ec8ca65e70c7') in 0.007189 seconds 
========================================================================
Received Import Request.
  Time since last request: 0.170455 seconds.
  path: Assets/Materials/1 28.mat
  artifactKey: Guid(f3fe1cf4c78d3429883bb21bcf161f36) Importer(815301076,1909f56bfc062723c751e8b465ee728b)
Start importing Assets/Materials/1 28.mat using Guid(f3fe1cf4c78d3429883bb21bcf161f36) Importer(815301076,1909f56bfc062723c751e8b465ee728b)  -> (artifact id: '1e415b49a8694209058855b786a36374') in 0.006867 seconds 
========================================================================
Received Import Request.
  Time since last request: 0.226543 seconds.
  path: Assets/Materials/1 29.mat
  artifactKey: Guid(0eaf70defd24e4def80433506c00151c) Importer(815301076,1909f56bfc062723c751e8b465ee728b)
Start importing Assets/Materials/1 29.mat using Guid(0eaf70defd24e4def80433506c00151c) Importer(815301076,1909f56bfc062723c751e8b465ee728b)  -> (artifact id: 'd1202de3593d5d0c9c39e710f25f95d1') in 0.006553 seconds 
========================================================================
Received Import Request.
  Time since last request: 0.116668 seconds.
  path: Assets/Materials/1 30.mat
  artifactKey: Guid(7ee4a0f9481864da9bf8b6468d214e23) Importer(815301076,1909f56bfc062723c751e8b465ee728b)
Start importing Assets/Materials/1 30.mat using Guid(7ee4a0f9481864da9bf8b6468d214e23) Importer(815301076,1909f56bfc062723c751e8b465ee728b)  -> (artifact id: '3f9b595669e678b3e0d5c449098adc7b') in 0.006869 seconds 
========================================================================
Received Import Request.
  Time since last request: 0.208416 seconds.
  path: Assets/Materials/1 31.mat
  artifactKey: Guid(cbc01bf5ddc524c9fbd0abfa7787c284) Importer(815301076,1909f56bfc062723c751e8b465ee728b)
Start importing Assets/Materials/1 31.mat using Guid(cbc01bf5ddc524c9fbd0abfa7787c284) Importer(815301076,1909f56bfc062723c751e8b465ee728b)  -> (artifact id: '122a6dce382177ac9bfd18bc151b5994') in 0.008347 seconds 
========================================================================
Received Import Request.
  Time since last request: 0.122276 seconds.
  path: Assets/Materials/1 32.mat
  artifactKey: Guid(82285da3d4e4a4a9e8c1bb674c8570f3) Importer(815301076,1909f56bfc062723c751e8b465ee728b)
Start importing Assets/Materials/1 32.mat using Guid(82285da3d4e4a4a9e8c1bb674c8570f3) Importer(815301076,1909f56bfc062723c751e8b465ee728b)  -> (artifact id: '267448dd55566234817b2c5dd9952e46') in 0.007074 seconds 
========================================================================
Received Import Request.
  Time since last request: 0.093498 seconds.
  path: Assets/Materials/1 33.mat
  artifactKey: Guid(51e200db632a14b55817b970c8981d05) Importer(815301076,1909f56bfc062723c751e8b465ee728b)
Start importing Assets/Materials/1 33.mat using Guid(51e200db632a14b55817b970c8981d05) Importer(815301076,1909f56bfc062723c751e8b465ee728b)  -> (artifact id: '299cc6633db63ff1bc363065f5cc4ec1') in 0.006767 seconds 
========================================================================
Received Import Request.
  Time since last request: 25.690843 seconds.
  path: Assets/Materials/2.mat
  artifactKey: Guid(aab1f9c0f26d4433395cfbe34a72e66e) Importer(815301076,1909f56bfc062723c751e8b465ee728b)
Start importing Assets/Materials/2.mat using Guid(aab1f9c0f26d4433395cfbe34a72e66e) Importer(815301076,1909f56bfc062723c751e8b465ee728b)  -> (artifact id: '5575272ebb96b51eb913c319229776a3') in 0.012056 seconds 
========================================================================
Received Import Request.
  Time since last request: 5.775120 seconds.
  path: Assets/Materials/3.mat
  artifactKey: Guid(e32ba32f89ab44ea98ed21bc6bb587e8) Importer(815301076,1909f56bfc062723c751e8b465ee728b)
Start importing Assets/Materials/3.mat using Guid(e32ba32f89ab44ea98ed21bc6bb587e8) Importer(815301076,1909f56bfc062723c751e8b465ee728b)  -> (artifact id: '28de1602de6a9fc0b2bddfb50e565ef7') in 0.011501 seconds 
========================================================================
Received Import Request.
  Time since last request: 6.496637 seconds.
  path: Assets/Materials/4.mat
  artifactKey: Guid(8c4af0f90254b40849472463b0f662ac) Importer(815301076,1909f56bfc062723c751e8b465ee728b)
Start importing Assets/Materials/4.mat using Guid(8c4af0f90254b40849472463b0f662ac) Importer(815301076,1909f56bfc062723c751e8b465ee728b)  -> (artifact id: '12e152532a8a4b182b6df2d1c0314b47') in 0.009989 seconds 
========================================================================
Received Import Request.
  Time since last request: 4.662599 seconds.
  path: Assets/Materials/5.mat
  artifactKey: Guid(51e200db632a14b55817b970c8981d05) Importer(815301076,1909f56bfc062723c751e8b465ee728b)
Start importing Assets/Materials/5.mat using Guid(51e200db632a14b55817b970c8981d05) Importer(815301076,1909f56bfc062723c751e8b465ee728b)  -> (artifact id: '444880e7539e11bdc7b79c8b1e02a952') in 0.016626 seconds 
========================================================================
Received Import Request.
  Time since last request: 4.595779 seconds.
  path: Assets/Materials/6.mat
  artifactKey: Guid(82285da3d4e4a4a9e8c1bb674c8570f3) Importer(815301076,1909f56bfc062723c751e8b465ee728b)
Start importing Assets/Materials/6.mat using Guid(82285da3d4e4a4a9e8c1bb674c8570f3) Importer(815301076,1909f56bfc062723c751e8b465ee728b)  -> (artifact id: 'c309a5fca7f2c24b3e864bdf0a96f73a') in 0.018035 seconds 
========================================================================
Received Import Request.
  Time since last request: 3.874198 seconds.
  path: Assets/Materials/7.mat
  artifactKey: Guid(cbc01bf5ddc524c9fbd0abfa7787c284) Importer(815301076,1909f56bfc062723c751e8b465ee728b)
Start importing Assets/Materials/7.mat using Guid(cbc01bf5ddc524c9fbd0abfa7787c284) Importer(815301076,1909f56bfc062723c751e8b465ee728b)  -> (artifact id: 'ce8f1149ce06278693562197e3bc6323') in 0.033138 seconds 
========================================================================
Received Import Request.
  Time since last request: 4.361001 seconds.
  path: Assets/Materials/8.mat
  artifactKey: Guid(7ee4a0f9481864da9bf8b6468d214e23) Importer(815301076,1909f56bfc062723c751e8b465ee728b)
Start importing Assets/Materials/8.mat using Guid(7ee4a0f9481864da9bf8b6468d214e23) Importer(815301076,1909f56bfc062723c751e8b465ee728b)  -> (artifact id: 'b6857653a687639f4ca883d66d89c6ef') in 0.011472 seconds 
========================================================================
Received Import Request.
  Time since last request: 3.099792 seconds.
  path: Assets/Materials/9.mat
  artifactKey: Guid(0eaf70defd24e4def80433506c00151c) Importer(815301076,1909f56bfc062723c751e8b465ee728b)
Start importing Assets/Materials/9.mat using Guid(0eaf70defd24e4def80433506c00151c) Importer(815301076,1909f56bfc062723c751e8b465ee728b)  -> (artifact id: '48ce00381bee00349224a043e72a4411') in 0.012667 seconds 
========================================================================
Received Import Request.
  Time since last request: 3.926474 seconds.
  path: Assets/Materials/10.mat
  artifactKey: Guid(f3fe1cf4c78d3429883bb21bcf161f36) Importer(815301076,1909f56bfc062723c751e8b465ee728b)
Start importing Assets/Materials/10.mat using Guid(f3fe1cf4c78d3429883bb21bcf161f36) Importer(815301076,1909f56bfc062723c751e8b465ee728b)  -> (artifact id: '029e40d06f0cce31339777ef86d28e4c') in 0.009921 seconds 
========================================================================
Received Import Request.
  Time since last request: 4.743606 seconds.
  path: Assets/Materials/11.mat
  artifactKey: Guid(19754de1aac07414888329baf633db89) Importer(815301076,1909f56bfc062723c751e8b465ee728b)
Start importing Assets/Materials/11.mat using Guid(19754de1aac07414888329baf633db89) Importer(815301076,1909f56bfc062723c751e8b465ee728b)  -> (artifact id: '1e03d45928551ef8a08cc4e8703c903b') in 0.010378 seconds 
========================================================================
Received Import Request.
  Time since last request: 14.119357 seconds.
  path: Assets/Materials/12.mat
  artifactKey: Guid(97f1f918014f24311978a32db44e34ef) Importer(815301076,1909f56bfc062723c751e8b465ee728b)
Start importing Assets/Materials/12.mat using Guid(97f1f918014f24311978a32db44e34ef) Importer(815301076,1909f56bfc062723c751e8b465ee728b)  -> (artifact id: '6e910251b2710058a853c1e997f2db99') in 0.009511 seconds 
========================================================================
Received Import Request.
  Time since last request: 4.178413 seconds.
  path: Assets/Materials/13.mat
  artifactKey: Guid(0e7ccc975212e431283ee226b949ea41) Importer(815301076,1909f56bfc062723c751e8b465ee728b)
Start importing Assets/Materials/13.mat using Guid(0e7ccc975212e431283ee226b949ea41) Importer(815301076,1909f56bfc062723c751e8b465ee728b)  -> (artifact id: 'be71c47a0010bcb5d6f8ee230a41a25f') in 0.009302 seconds 
========================================================================
Received Import Request.
  Time since last request: 6.217043 seconds.
  path: Assets/Materials/14.mat
  artifactKey: Guid(b90343b8f456443b9b14849e0b3629f5) Importer(815301076,1909f56bfc062723c751e8b465ee728b)
Start importing Assets/Materials/14.mat using Guid(b90343b8f456443b9b14849e0b3629f5) Importer(815301076,1909f56bfc062723c751e8b465ee728b)  -> (artifact id: 'b9cfa1257dfc54b72b63f87115ed4be4') in 0.008878 seconds 
========================================================================
Received Import Request.
  Time since last request: 5.872025 seconds.
  path: Assets/Materials/15.mat
  artifactKey: Guid(8917c1b5a7c7a4184acb07776b022956) Importer(815301076,1909f56bfc062723c751e8b465ee728b)
Start importing Assets/Materials/15.mat using Guid(8917c1b5a7c7a4184acb07776b022956) Importer(815301076,1909f56bfc062723c751e8b465ee728b)  -> (artifact id: 'ce1bae9cf9f43a651119d5363bf679b8') in 0.010132 seconds 
========================================================================
Received Import Request.
  Time since last request: 5.022833 seconds.
  path: Assets/Materials/16.mat
  artifactKey: Guid(c34408ddb53844616b32c48b009805c8) Importer(815301076,1909f56bfc062723c751e8b465ee728b)
Start importing Assets/Materials/16.mat using Guid(c34408ddb53844616b32c48b009805c8) Importer(815301076,1909f56bfc062723c751e8b465ee728b)  -> (artifact id: '6c08386b754167475a0f7a532e6c5d89') in 0.009976 seconds 
========================================================================
Received Import Request.
  Time since last request: 4.209529 seconds.
  path: Assets/Materials/17.mat
  artifactKey: Guid(587448ac870e6432db7319f9b7623cff) Importer(815301076,1909f56bfc062723c751e8b465ee728b)
Start importing Assets/Materials/17.mat using Guid(587448ac870e6432db7319f9b7623cff) Importer(815301076,1909f56bfc062723c751e8b465ee728b)  -> (artifact id: 'fa4bafa60713a1849e49b2b3f7d40a4b') in 0.008204 seconds 
========================================================================
Received Import Request.
  Time since last request: 4.335947 seconds.
  path: Assets/Materials/18.mat
  artifactKey: Guid(ce31ee2b8fbf044c28852eb310172313) Importer(815301076,1909f56bfc062723c751e8b465ee728b)
Start importing Assets/Materials/18.mat using Guid(ce31ee2b8fbf044c28852eb310172313) Importer(815301076,1909f56bfc062723c751e8b465ee728b)  -> (artifact id: '7a62a96b6caf8e5b1197644dc22cb3be') in 0.008950 seconds 
